{
  "RSpec": {
    "coverage": {
      "/Users/elliotolbright/turing/mod4/take_home_challange/app/models/user.rb": {
        "lines": [
          1,
          null,
          1,
          1,
          null,
          null
        ]
      },
      "/Users/elliotolbright/turing/mod4/take_home_challange/app/models/application_record.rb": {
        "lines": [
          1,
          1,
          null
        ]
      },
      "/Users/elliotolbright/turing/mod4/take_home_challange/app/models/address.rb": {
        "lines": [
          1,
          1,
          null
        ]
      },
      "/Users/elliotolbright/turing/mod4/take_home_challange/app/controllers/api/v1/addresses_controller.rb": {
        "lines": [
          1,
          1,
          1,
          1,
          1,
          null,
          null,
          1,
          null,
          1,
          1,
          null,
          null,
          null,
          null,
          null
        ]
      },
      "/Users/elliotolbright/turing/mod4/take_home_challange/app/controllers/application_controller.rb": {
        "lines": [
          1,
          null
        ]
      },
      "/Users/elliotolbright/turing/mod4/take_home_challange/app/serializers/address_serializer.rb": {
        "lines": [
          1,
          1,
          null,
          1,
          null,
          null,
          null,
          null,
          null,
          null,
          null,
          null
        ]
      },
      "/Users/elliotolbright/turing/mod4/take_home_challange/app/controllers/api/v1/users_controller.rb": {
        "lines": [
          1,
          1,
          1,
          1,
          null,
          null,
          1,
          1,
          1,
          null,
          null
        ]
      },
      "/Users/elliotolbright/turing/mod4/take_home_challange/app/serializers/user_serializer.rb": {
        "lines": [
          1,
          1,
          null,
          1,
          null,
          null,
          null,
          1,
          1,
          null,
          null
        ]
      }
    },
    "timestamp": 1636480046
  }
}
